<?xml version="1.0" encoding="UTF-8"?>
<testsuite name="database.integration.repository.CategoryRepositoryTest" tests="5" skipped="0" failures="0" errors="0" timestamp="2024-02-22T10:53:52" hostname="LOCALHOST" time="0.586">
  <properties/>
  <testcase name="delete()" classname="database.integration.repository.CategoryRepositoryTest" time="0.484"/>
  <testcase name="findAll()" classname="database.integration.repository.CategoryRepositoryTest" time="0.041"/>
  <testcase name="update()" classname="database.integration.repository.CategoryRepositoryTest" time="0.026"/>
  <testcase name="findById()" classname="database.integration.repository.CategoryRepositoryTest" time="0.004"/>
  <testcase name="save()" classname="database.integration.repository.CategoryRepositoryTest" time="0.027"/>
  <system-out><![CDATA[
  .   ____          _            __ _ _
 /\\ / ___'_ __ _ _(_)_ __  __ _ \ \ \ \
( ( )\___ | '_ | '_| | '_ \/ _` | \ \ \ \
 \\/  ___)| |_)| | | | | || (_| |  ) ) ) )
  '  |____| .__|_| |_|_| |_\__, | / / / /
 =========|_|==============|___/=/_/_/_/
 :: Spring Boot ::                (v3.1.0)

2024-02-22T13:53:52.004+03:00  WARN 13992 --- [    Test worker] JpaBaseConfiguration$JpaWebConfiguration : spring.jpa.open-in-view is enabled by default. Therefore, database queries may be performed during view rendering. Explicitly configure spring.jpa.open-in-view to disable this warning
Hibernate: 
    select
        c1_0.id,
        c1_0.category_name 
    from
        category c1_0 
    where
        c1_0.id=?
Hibernate: 
    select
        c1_0.id,
        c1_0.category_name 
    from
        category c1_0
Category(id=1, categoryName=Питьевая вода)
Category(id=2, categoryName=Конфеты)
Category(id=3, categoryName=Мясо)
Category(id=4, categoryName=Unknown)
Category(id=5, categoryName=categoryName1)
Hibernate: 
    update
        category 
    set
        category_name=? 
    where
        id=?
Hibernate: 
    select
        c1_0.id,
        c1_0.category_name 
    from
        category c1_0 
    where
        c1_0.id=?
Hibernate: 
    select
        c1_0.id,
        c1_0.category_name 
    from
        category c1_0 
    where
        c1_0.id=?
Category(id=2, categoryName=Конфеты) method FindById()
Hibernate: 
    insert 
    into
        category
        (category_name) 
    values
        (?)
]]></system-out>
  <system-err><![CDATA[]]></system-err>
</testsuite>
