<?xml version="1.0" encoding="UTF-8"?>
<testsuite name="database.integration.service.SupplierServiceIT" tests="5" skipped="0" failures="0" errors="0" timestamp="2024-02-22T10:53:53" hostname="LOCALHOST" time="0.024">
  <properties/>
  <testcase name="delete()" classname="database.integration.service.SupplierServiceIT" time="0.004"/>
  <testcase name="findAll()" classname="database.integration.service.SupplierServiceIT" time="0.009"/>
  <testcase name="update()" classname="database.integration.service.SupplierServiceIT" time="0.001"/>
  <testcase name="findById()" classname="database.integration.service.SupplierServiceIT" time="0.003"/>
  <testcase name="save()" classname="database.integration.service.SupplierServiceIT" time="0.005"/>
  <system-out><![CDATA[Hibernate: 
    select
        s1_0.id,
        s1_0.address,
        s1_0.e_mail,
        s1_0.name,
        s1_0.phone_number 
    from
        suppliers s1_0 
    where
        s1_0.id=?
Hibernate: 
    select
        s1_0.id,
        s1_0.address,
        s1_0.e_mail,
        s1_0.name,
        s1_0.phone_number 
    from
        suppliers s1_0
SupplierDto(id=1, name=Horns&&Hoofs, address=Perm, commi 35, email=horn@gmail.com, phoneNumber=8-988-342-65-98)
SupplierDto(id=2, name=Beaks&&Feathers, address=Unknown, email=beak@gmail.com, phoneNumber=1-111-111-11-99)
SupplierDto(id=3, name=Noses&&Tails, address=Kitezh, email=nose@yandex.ru, phoneNumber=8-455-876-23-21)
Hibernate: 
    select
        s1_0.id,
        s1_0.address,
        s1_0.e_mail,
        s1_0.name,
        s1_0.phone_number 
    from
        suppliers s1_0 
    where
        s1_0.id=?
Hibernate: 
    insert 
    into
        suppliers
        (address,e_mail,name,phone_number) 
    values
        (?,?,?,?)
]]></system-out>
  <system-err><![CDATA[]]></system-err>
</testsuite>
